TN:
SF:/home/labber/scheduler/scheduler/src/components/Application.js
FN:16,Application
FN:27,(anonymous_1)
FNF:2
FNH:2
FNDA:3,Application
FNDA:4,(anonymous_1)
DA:22,3
DA:24,3
DA:26,3
DA:28,4
DA:41,3
LF:5
LH:5
BRF:0
BRH:0
end_of_record
TN:
SF:/home/labber/scheduler/scheduler/src/components/Button.js
FN:7,Button
FNF:1
FNH:1
FNDA:30,Button
DA:8,30
DA:13,30
LF:2
LH:2
BRF:0
BRH:0
end_of_record
TN:
SF:/home/labber/scheduler/scheduler/src/components/DayList.js
FN:5,DayList
FN:6,(anonymous_1)
FNF:2
FNH:2
FNDA:3,DayList
FNDA:4,(anonymous_1)
DA:6,3
DA:7,4
DA:18,3
LF:3
LH:3
BRF:0
BRH:0
end_of_record
TN:
SF:/home/labber/scheduler/scheduler/src/components/DayListItem.js
FN:6,formatSpots
FN:13,DayListItem
FN:22,(anonymous_2)
FNF:3
FNH:2
FNDA:4,formatSpots
FNDA:4,DayListItem
FNDA:0,(anonymous_2)
DA:7,4
DA:8,3
DA:10,0
DA:14,4
DA:19,4
DA:22,0
LF:6
LH:4
BRDA:7,0,0,1
BRDA:7,0,1,3
BRDA:8,1,0,3
BRDA:8,1,1,0
BRF:4
BRH:3
end_of_record
TN:
SF:/home/labber/scheduler/scheduler/src/components/InterviewerList.js
FN:8,InterviewerList
FN:9,(anonymous_1)
FN:17,(anonymous_2)
FNF:3
FNH:3
FNDA:15,InterviewerList
FNDA:18,(anonymous_1)
FNDA:1,(anonymous_2)
DA:9,15
DA:10,18
DA:17,1
DA:23,15
DA:31,3
LF:5
LH:5
BRF:0
BRH:0
end_of_record
TN:
SF:/home/labber/scheduler/scheduler/src/components/InterviewerListItem.js
FN:6,InterviewerItem
FNF:1
FNH:1
FNDA:18,InterviewerItem
DA:7,18
DA:11,18
LF:2
LH:2
BRDA:18,0,0,18
BRDA:18,0,1,5
BRF:2
BRH:2
end_of_record
TN:
SF:/home/labber/scheduler/scheduler/src/components/Appointment/Confirm.js
FN:5,Confirm
FNF:1
FNH:0
FNDA:0,Confirm
DA:6,0
LF:1
LH:0
BRF:0
BRH:0
end_of_record
TN:
SF:/home/labber/scheduler/scheduler/src/components/Appointment/Empty.js
FN:6,Empty
FNF:1
FNH:1
FNDA:5,Empty
DA:7,5
LF:1
LH:1
BRF:0
BRH:0
end_of_record
TN:
SF:/home/labber/scheduler/scheduler/src/components/Appointment/Error.js
FN:4,Error
FNF:1
FNH:0
FNDA:0,Error
DA:5,0
LF:1
LH:0
BRF:0
BRH:0
end_of_record
TN:
SF:/home/labber/scheduler/scheduler/src/components/Appointment/Form.js
FN:6,Form
FN:11,reset
FN:17,cancel
FN:22,validate
FN:39,(anonymous_4)
FN:46,(anonymous_5)
FNF:6
FNH:5
FNDA:15,Form
FNDA:1,reset
FNDA:1,cancel
FNDA:5,validate
FNDA:0,(anonymous_4)
FNDA:3,(anonymous_5)
DA:7,15
DA:8,15
DA:9,15
DA:12,1
DA:13,1
DA:14,1
DA:18,1
DA:19,1
DA:23,5
DA:24,1
DA:25,1
DA:27,4
DA:28,2
DA:29,2
DA:32,2
DA:33,2
DA:36,15
DA:39,0
DA:47,3
LF:19
LH:18
BRDA:7,0,0,15
BRDA:7,0,1,8
BRDA:8,1,0,15
BRDA:8,1,1,11
BRDA:23,2,0,1
BRDA:23,2,1,4
BRDA:27,3,0,2
BRDA:27,3,1,2
BRF:8
BRH:8
end_of_record
TN:
SF:/home/labber/scheduler/scheduler/src/components/Appointment/Header.js
FN:4,Header
FNF:1
FNH:1
FNDA:12,Header
DA:5,12
LF:1
LH:1
BRF:0
BRH:0
end_of_record
TN:
SF:/home/labber/scheduler/scheduler/src/components/Appointment/Show.js
FN:4,Show
FNF:1
FNH:1
FNDA:3,Show
DA:5,3
LF:1
LH:1
BRDA:12,0,0,3
BRDA:12,0,1,3
BRF:2
BRH:2
end_of_record
TN:
SF:/home/labber/scheduler/scheduler/src/components/Appointment/Status.js
FN:4,Status
FNF:1
FNH:1
FNDA:3,Status
DA:5,3
LF:1
LH:1
BRF:0
BRH:0
end_of_record
TN:
SF:/home/labber/scheduler/scheduler/src/components/Appointment/index.js
FN:26,Appointment
FN:31,onAdd
FN:34,onCancel
FN:38,save
FN:48,(anonymous_4)
FN:49,(anonymous_5)
FN:52,destroy
FN:56,(anonymous_7)
FN:57,(anonymous_8)
FN:67,(anonymous_9)
FN:68,(anonymous_10)
FN:76,(anonymous_11)
FNF:12
FNH:4
FNDA:12,Appointment
FNDA:1,onAdd
FNDA:0,onCancel
FNDA:1,save
FNDA:1,(anonymous_4)
FNDA:0,(anonymous_5)
FNDA:0,destroy
FNDA:0,(anonymous_7)
FNDA:0,(anonymous_8)
FNDA:0,(anonymous_9)
FNDA:0,(anonymous_10)
FNDA:0,(anonymous_11)
DA:16,2
DA:17,2
DA:18,2
DA:19,2
DA:20,2
DA:21,2
DA:22,2
DA:23,2
DA:24,2
DA:27,12
DA:32,1
DA:35,0
DA:39,1
DA:44,1
DA:46,1
DA:48,1
DA:49,0
DA:53,0
DA:54,0
DA:56,0
DA:57,0
DA:59,12
DA:67,0
DA:68,0
DA:76,0
LF:25
LH:16
BRDA:28,0,0,5
BRDA:28,0,1,7
BRDA:62,1,0,12
BRDA:62,1,1,5
BRDA:63,2,0,12
BRDA:63,2,1,3
BRDA:71,3,0,12
BRDA:71,3,1,0
BRDA:81,4,0,12
BRDA:81,4,1,1
BRDA:84,5,0,12
BRDA:84,5,1,3
BRDA:85,6,0,12
BRDA:85,6,1,0
BRDA:86,7,0,12
BRDA:86,7,1,0
BRDA:93,8,0,12
BRDA:93,8,1,0
BRDA:96,9,0,12
BRDA:96,9,1,0
BRF:20
BRH:15
end_of_record
TN:
SF:/home/labber/scheduler/scheduler/src/helpers/selectors.js
FN:1,getAppointmentsForDay
FN:2,(anonymous_1)
FN:6,(anonymous_2)
FN:9,getInterviewersForDay
FN:10,(anonymous_4)
FN:14,(anonymous_5)
FN:17,getInterview
FNF:7
FNH:7
FNDA:8,getAppointmentsForDay
FNDA:8,(anonymous_1)
FNDA:12,(anonymous_2)
FNDA:8,getInterviewersForDay
FNDA:8,(anonymous_4)
FNDA:10,(anonymous_5)
FNDA:6,getInterview
DA:2,8
DA:4,8
DA:6,12
DA:10,8
DA:12,8
DA:14,10
DA:18,6
LF:7
LH:7
BRDA:4,0,0,3
BRDA:4,0,1,5
BRDA:4,1,0,8
BRDA:4,1,1,6
BRDA:12,2,0,3
BRDA:12,2,1,5
BRDA:12,3,0,8
BRDA:12,3,1,6
BRDA:19,4,0,6
BRDA:19,4,1,4
BRF:10
BRH:10
end_of_record
TN:
SF:/home/labber/scheduler/scheduler/src/hooks/useApplicationData.js
FN:13,useApplicationData
FN:21,(anonymous_1)
FN:23,(anonymous_2)
FN:29,(anonymous_3)
FN:41,bookInterview
FN:42,(anonymous_5)
FN:51,cancelInterview
FN:52,(anonymous_7)
FNF:8
FNH:5
FNDA:3,useApplicationData
FNDA:0,(anonymous_1)
FNDA:1,(anonymous_2)
FNDA:1,(anonymous_3)
FNDA:1,bookInterview
FNDA:1,(anonymous_5)
FNDA:0,cancelInterview
FNDA:0,(anonymous_7)
DA:14,3
DA:21,3
DA:23,3
DA:24,1
DA:30,1
DA:39,3
DA:42,1
DA:43,1
DA:52,0
DA:53,0
DA:61,3
LF:11
LH:9
BRF:0
BRH:0
end_of_record
TN:
SF:/home/labber/scheduler/scheduler/src/hooks/useRealtimeUpdate.js
FN:4,useRealtimeUpdate
FN:5,(anonymous_1)
FN:8,(anonymous_2)
FN:16,(anonymous_3)
FNF:4
FNH:3
FNDA:3,useRealtimeUpdate
FNDA:1,(anonymous_1)
FNDA:0,(anonymous_2)
FNDA:1,(anonymous_3)
DA:5,3
DA:6,1
DA:8,1
DA:9,0
DA:11,0
DA:12,0
DA:16,1
DA:17,1
LF:8
LH:5
BRDA:11,0,0,0
BRDA:11,0,1,0
BRDA:11,1,0,0
BRDA:11,1,1,0
BRF:4
BRH:0
end_of_record
TN:
SF:/home/labber/scheduler/scheduler/src/hooks/useVisualMode.js
FN:3,useVisualMode
FN:7,transition
FN:9,(anonymous_2)
FN:11,back
FN:12,(anonymous_4)
FNF:5
FNH:5
FNDA:17,useVisualMode
FNDA:5,transition
FNDA:5,(anonymous_2)
FNDA:2,back
FNDA:2,(anonymous_4)
DA:4,17
DA:5,17
DA:8,5
DA:9,5
DA:12,2
DA:15,17
LF:6
LH:6
BRDA:7,0,0,5
BRF:1
BRH:1
end_of_record
TN:
SF:/home/labber/scheduler/scheduler/src/reducers/application.js
FN:5,reducer
FN:27,(anonymous_1)
FN:30,(anonymous_2)
FN:34,(anonymous_3)
FNF:4
FNH:4
FNDA:3,reducer
FNDA:1,(anonymous_1)
FNDA:2,(anonymous_2)
FNDA:2,(anonymous_3)
DA:1,2
DA:2,2
DA:3,2
DA:6,3
DA:8,0
DA:10,1
DA:17,1
DA:22,1
DA:27,1
DA:28,1
DA:30,2
DA:34,1
DA:35,2
DA:43,1
DA:50,1
LF:15
LH:14
BRDA:6,0,0,0
BRDA:6,0,1,1
BRDA:6,0,2,1
BRDA:6,0,3,1
BRDA:19,1,0,1
BRDA:19,1,1,1
BRDA:30,2,0,2
BRDA:30,2,1,0
BRDA:35,3,0,1
BRDA:35,3,1,1
BRF:10
BRH:8
end_of_record
